[2024-05-05 00:17:33,727]: INFO: main: Welcome to our custom Logging:
[2024-05-05 07:58:10,979]: INFO: common: yaml file: config/config.yaml loaded successfully:
[2024-05-05 07:58:10,983]: INFO: common: yaml file: params.yaml loaded successfully:
[2024-05-05 07:58:10,987]: INFO: common: yaml file: schema.yaml loaded successfully:
[2024-05-05 07:58:10,989]: INFO: common: created directory at: artifacts:
[2024-05-05 07:58:10,991]: INFO: common: created directory at: artifacts/data_ingestion:
[2024-05-05 07:59:11,548]: INFO: common: yaml file: config/config.yaml loaded successfully:
[2024-05-05 07:59:11,550]: INFO: common: yaml file: params.yaml loaded successfully:
[2024-05-05 07:59:11,551]: INFO: common: yaml file: schema.yaml loaded successfully:
[2024-05-05 07:59:11,552]: INFO: common: created directory at: artifacts:
[2024-05-05 07:59:11,553]: INFO: common: created directory at: artifacts/data_ingestion:
[2024-05-05 07:59:34,125]: INFO: common: yaml file: config/config.yaml loaded successfully:
[2024-05-05 07:59:34,127]: INFO: common: yaml file: params.yaml loaded successfully:
[2024-05-05 07:59:34,128]: INFO: common: yaml file: schema.yaml loaded successfully:
[2024-05-05 07:59:34,129]: INFO: common: created directory at: artifacts:
[2024-05-05 07:59:34,129]: INFO: common: created directory at: artifacts/data_ingestion:
[2024-05-05 08:04:54,572]: INFO: common: yaml file: config/config.yaml loaded successfully:
[2024-05-05 08:04:54,574]: INFO: common: yaml file: params.yaml loaded successfully:
[2024-05-05 08:04:54,575]: INFO: common: yaml file: schema.yaml loaded successfully:
[2024-05-05 08:04:54,576]: INFO: common: created directory at: artifacts:
[2024-05-05 08:04:54,576]: INFO: common: created directory at: artifacts/data_ingestion:
[2024-05-05 08:07:27,790]: INFO: common: yaml file: config/config.yaml loaded successfully:
[2024-05-05 08:07:27,792]: INFO: common: yaml file: params.yaml loaded successfully:
[2024-05-05 08:07:27,793]: INFO: common: yaml file: schema.yaml loaded successfully:
[2024-05-05 08:07:27,794]: INFO: common: created directory at: artifacts:
[2024-05-05 08:07:27,795]: INFO: common: created directory at: artifacts/data_ingestion:
[2024-05-05 08:08:30,698]: INFO: common: yaml file: config/config.yaml loaded successfully:
[2024-05-05 08:08:30,700]: INFO: common: yaml file: params.yaml loaded successfully:
[2024-05-05 08:08:30,701]: INFO: common: yaml file: schema.yaml loaded successfully:
[2024-05-05 08:08:30,702]: INFO: common: created directory at: artifacts:
[2024-05-05 08:08:30,703]: INFO: common: created directory at: artifacts/data_ingestion:
[2024-05-05 08:09:20,679]: INFO: common: yaml file: config/config.yaml loaded successfully:
[2024-05-05 08:09:20,681]: INFO: common: yaml file: params.yaml loaded successfully:
[2024-05-05 08:09:20,682]: INFO: common: yaml file: schema.yaml loaded successfully:
[2024-05-05 08:09:20,683]: INFO: common: created directory at: artifacts:
[2024-05-05 08:09:20,684]: INFO: common: created directory at: artifacts/data_ingestion:
[2024-05-05 08:14:55,796]: INFO: common: yaml file: config/config.yaml loaded successfully:
[2024-05-05 08:14:55,802]: INFO: common: yaml file: params.yaml loaded successfully:
[2024-05-05 08:14:55,807]: INFO: common: yaml file: schema.yaml loaded successfully:
[2024-05-05 08:14:55,816]: INFO: common: created directory at: artifacts:
[2024-05-05 08:14:55,836]: INFO: common: created directory at: artifacts/data_ingestion:
[2024-05-05 08:15:32,902]: INFO: 2539110743: artifacts/data_ingestion/data.zip download! with following info: 
Connection: close
Content-Length: 23329
Cache-Control: max-age=300
Content-Security-Policy: default-src 'none'; style-src 'unsafe-inline'; sandbox
Content-Type: application/zip
ETag: "c69888a4ae59bc5a893392785a938ccd4937981c06ba8a9d6a21aa52b4ab5b6e"
Strict-Transport-Security: max-age=31536000
X-Content-Type-Options: nosniff
X-Frame-Options: deny
X-XSS-Protection: 1; mode=block
X-GitHub-Request-Id: 28FA:170316:2AC9CF:38B8E3:6636F2CA
Accept-Ranges: bytes
Date: Sun, 05 May 2024 02:45:32 GMT
Via: 1.1 varnish
X-Served-By: cache-del21735-DEL
X-Cache: MISS
X-Cache-Hits: 0
X-Timer: S1714877133.613557,VS0,VE273
Vary: Authorization,Accept-Encoding,Origin
Access-Control-Allow-Origin: *
Cross-Origin-Resource-Policy: cross-origin
X-Fastly-Request-ID: 3c58f58e3ab78fc5248305249221b784eb020d39
Expires: Sun, 05 May 2024 02:50:32 GMT
Source-Age: 0

:
[2024-05-05 08:43:03,143]: INFO: main: >>>>>> stage Data Ingestion Stage started <<<<<<:
[2024-05-05 08:43:03,144]: INFO: common: yaml file: config/config.yaml loaded successfully:
[2024-05-05 08:43:03,144]: INFO: common: yaml file: params.yaml loaded successfully:
[2024-05-05 08:43:03,145]: INFO: common: yaml file: schema.yaml loaded successfully:
[2024-05-05 08:43:03,145]: INFO: common: created directory at: artifacts:
[2024-05-05 08:43:03,145]: INFO: common: created directory at: artifacts/data_ingestion:
[2024-05-05 08:43:04,132]: INFO: data_ingestion: artifacts/data_ingestion/data.zip download! with following info: 
Connection: close
Content-Length: 23329
Cache-Control: max-age=300
Content-Security-Policy: default-src 'none'; style-src 'unsafe-inline'; sandbox
Content-Type: application/zip
ETag: "c69888a4ae59bc5a893392785a938ccd4937981c06ba8a9d6a21aa52b4ab5b6e"
Strict-Transport-Security: max-age=31536000
X-Content-Type-Options: nosniff
X-Frame-Options: deny
X-XSS-Protection: 1; mode=block
X-GitHub-Request-Id: 28FA:170316:2AC9CF:38B8E3:6636F2CA
Accept-Ranges: bytes
Date: Sun, 05 May 2024 03:13:04 GMT
Via: 1.1 varnish
X-Served-By: cache-del21743-DEL
X-Cache: HIT
X-Cache-Hits: 0
X-Timer: S1714878784.795775,VS0,VE281
Vary: Authorization,Accept-Encoding,Origin
Access-Control-Allow-Origin: *
Cross-Origin-Resource-Policy: cross-origin
X-Fastly-Request-ID: 5a9f12580d8475fbc767b60e322f85299ede156c
Expires: Sun, 05 May 2024 03:18:04 GMT
Source-Age: 0

:
[2024-05-05 08:43:04,135]: INFO: main: >>>>>> stage Data Ingestion Stage completed <<<<<<

x============x:
[2024-05-05 08:43:30,501]: INFO: main: >>>>>> stage Data Ingestion Stage started <<<<<<

:
[2024-05-05 08:43:30,502]: INFO: common: yaml file: config/config.yaml loaded successfully:
[2024-05-05 08:43:30,502]: INFO: common: yaml file: params.yaml loaded successfully:
[2024-05-05 08:43:30,503]: INFO: common: yaml file: schema.yaml loaded successfully:
[2024-05-05 08:43:30,503]: INFO: common: created directory at: artifacts:
[2024-05-05 08:43:30,503]: INFO: common: created directory at: artifacts/data_ingestion:
[2024-05-05 08:43:30,775]: INFO: data_ingestion: artifacts/data_ingestion/data.zip download! with following info: 
Connection: close
Content-Length: 23329
Cache-Control: max-age=300
Content-Security-Policy: default-src 'none'; style-src 'unsafe-inline'; sandbox
Content-Type: application/zip
ETag: "c69888a4ae59bc5a893392785a938ccd4937981c06ba8a9d6a21aa52b4ab5b6e"
Strict-Transport-Security: max-age=31536000
X-Content-Type-Options: nosniff
X-Frame-Options: deny
X-XSS-Protection: 1; mode=block
X-GitHub-Request-Id: 28FA:170316:2AC9CF:38B8E3:6636F2CA
Accept-Ranges: bytes
Date: Sun, 05 May 2024 03:13:30 GMT
Via: 1.1 varnish
X-Served-By: cache-del21746-DEL
X-Cache: HIT
X-Cache-Hits: 1
X-Timer: S1714878811.809140,VS0,VE1
Vary: Authorization,Accept-Encoding,Origin
Access-Control-Allow-Origin: *
Cross-Origin-Resource-Policy: cross-origin
X-Fastly-Request-ID: 6f163d3a8e9388c74fbf3fc3f7e131af844ffc55
Expires: Sun, 05 May 2024 03:18:30 GMT
Source-Age: 27

:
[2024-05-05 08:43:30,777]: INFO: main: >>>>>> stage Data Ingestion Stage completed <<<<<<

x============x:
[2024-05-05 09:03:40,480]: INFO: main: >>>>>> stage Data Ingestion Stage started <<<<<<
:
[2024-05-05 09:03:40,481]: INFO: common: yaml file: config/config.yaml loaded successfully:
[2024-05-05 09:03:40,481]: INFO: common: yaml file: params.yaml loaded successfully:
[2024-05-05 09:03:40,482]: INFO: common: yaml file: schema.yaml loaded successfully:
[2024-05-05 09:03:40,482]: INFO: common: created directory at: artifacts:
[2024-05-05 09:03:40,482]: INFO: common: created directory at: artifacts/data_ingestion:
[2024-05-05 09:03:41,532]: INFO: data_ingestion: artifacts/data_ingestion/data.zip download! with following info: 
Connection: close
Content-Length: 23329
Cache-Control: max-age=300
Content-Security-Policy: default-src 'none'; style-src 'unsafe-inline'; sandbox
Content-Type: application/zip
ETag: "c69888a4ae59bc5a893392785a938ccd4937981c06ba8a9d6a21aa52b4ab5b6e"
Strict-Transport-Security: max-age=31536000
X-Content-Type-Options: nosniff
X-Frame-Options: deny
X-XSS-Protection: 1; mode=block
X-GitHub-Request-Id: 28FA:170316:2AC9CF:38B8E3:6636F2CA
Accept-Ranges: bytes
Date: Sun, 05 May 2024 03:33:41 GMT
Via: 1.1 varnish
X-Served-By: cache-del21747-DEL
X-Cache: HIT
X-Cache-Hits: 0
X-Timer: S1714880021.214404,VS0,VE268
Vary: Authorization,Accept-Encoding,Origin
Access-Control-Allow-Origin: *
Cross-Origin-Resource-Policy: cross-origin
X-Fastly-Request-ID: 88b3be7b195a6c2cf803dc1a829c22bb5652797a
Expires: Sun, 05 May 2024 03:38:41 GMT
Source-Age: 0

:
[2024-05-05 09:03:41,534]: INFO: main: >>>>>> stage Data Ingestion Stage completed <<<<<<

x============x:
[2024-05-05 09:42:57,900]: INFO: common: yaml file: config/config.yaml loaded successfully:
[2024-05-05 09:42:57,904]: INFO: common: yaml file: params.yaml loaded successfully:
[2024-05-05 09:42:57,906]: INFO: common: yaml file: schema.yaml loaded successfully:
[2024-05-05 09:42:57,908]: INFO: common: created directory at: artifacts:
[2024-05-05 09:42:57,910]: INFO: common: created directory at: artifacts/data_validation:
[2024-05-05 09:56:34,622]: INFO: main: >>>>>> stage Data Ingestion Stage started <<<<<<
:
[2024-05-05 09:56:34,624]: INFO: common: yaml file: config/config.yaml loaded successfully:
[2024-05-05 09:56:34,624]: INFO: common: yaml file: params.yaml loaded successfully:
[2024-05-05 09:56:34,626]: INFO: common: yaml file: schema.yaml loaded successfully:
[2024-05-05 09:56:34,626]: INFO: common: created directory at: artifacts:
[2024-05-05 09:56:34,626]: INFO: common: created directory at: artifacts/data_ingestion:
[2024-05-05 09:56:34,626]: INFO: data_ingestion: File already exists of size: ~ 23 KB:
[2024-05-05 09:56:34,628]: INFO: main: >>>>>> stage Data Ingestion Stage completed <<<<<<

x============x:
[2024-05-05 09:56:34,628]: INFO: main: >>>>>> stage Data Validation Stage started <<<<<<
:
[2024-05-05 09:56:34,629]: INFO: common: yaml file: config/config.yaml loaded successfully:
[2024-05-05 09:56:34,629]: INFO: common: yaml file: params.yaml loaded successfully:
[2024-05-05 09:56:34,630]: INFO: common: yaml file: schema.yaml loaded successfully:
[2024-05-05 09:56:34,631]: INFO: common: created directory at: artifacts:
[2024-05-05 09:56:34,631]: INFO: common: created directory at: artifacts/data_validation:
[2024-05-05 09:56:34,635]: INFO: main: >>>>>> stage Data Validation Stage completed <<<<<<

x============x:
[2024-05-05 09:58:19,491]: INFO: main: >>>>>>  Data Ingestion Stage started <<<<<<
:
[2024-05-05 09:58:19,493]: INFO: common: yaml file: config/config.yaml loaded successfully:
[2024-05-05 09:58:19,494]: INFO: common: yaml file: params.yaml loaded successfully:
[2024-05-05 09:58:19,495]: INFO: common: yaml file: schema.yaml loaded successfully:
[2024-05-05 09:58:19,495]: INFO: common: created directory at: artifacts:
[2024-05-05 09:58:19,495]: INFO: common: created directory at: artifacts/data_ingestion:
[2024-05-05 09:58:19,496]: INFO: data_ingestion: File already exists of size: ~ 23 KB:
[2024-05-05 09:58:19,498]: INFO: main: >>>>>> Data Ingestion Stage completed <<<<<<

x============x:
[2024-05-05 09:58:19,498]: INFO: main: >>>>>>  Data Validation Stage started <<<<<<
:
[2024-05-05 09:58:19,499]: INFO: common: yaml file: config/config.yaml loaded successfully:
[2024-05-05 09:58:19,499]: INFO: common: yaml file: params.yaml loaded successfully:
[2024-05-05 09:58:19,500]: INFO: common: yaml file: schema.yaml loaded successfully:
[2024-05-05 09:58:19,501]: INFO: common: created directory at: artifacts:
[2024-05-05 09:58:19,501]: INFO: common: created directory at: artifacts/data_validation:
[2024-05-05 09:58:19,508]: INFO: main: >>>>>>  Data Validation Stage completed <<<<<<

x============x:
[2024-05-05 10:49:43,620]: INFO: common: yaml file: config/config.yaml loaded successfully:
[2024-05-05 10:49:43,623]: INFO: common: yaml file: params.yaml loaded successfully:
[2024-05-05 10:49:43,626]: INFO: common: yaml file: schema.yaml loaded successfully:
[2024-05-05 10:49:43,627]: INFO: common: created directory at: artifacts:
[2024-05-05 10:49:43,629]: INFO: common: created directory at: artifacts/data_transformation:
[2024-05-05 10:49:43,667]: INFO: 3543041673: Splitted data into training and test sets:
[2024-05-05 10:49:43,668]: INFO: 3543041673: Train Data Shape : (1199, 12):
[2024-05-05 10:49:43,668]: INFO: 3543041673: Test Data Shape: (400, 12):
[2024-05-05 11:10:28,819]: INFO: main: >>>>>>  Data Ingestion Stage started <<<<<<
:
[2024-05-05 11:10:28,821]: INFO: common: yaml file: config/config.yaml loaded successfully:
[2024-05-05 11:10:28,822]: INFO: common: yaml file: params.yaml loaded successfully:
[2024-05-05 11:10:28,823]: INFO: common: yaml file: schema.yaml loaded successfully:
[2024-05-05 11:10:28,823]: INFO: common: created directory at: artifacts:
[2024-05-05 11:10:28,824]: INFO: common: created directory at: artifacts/data_ingestion:
[2024-05-05 11:10:29,742]: INFO: data_ingestion: artifacts/data_ingestion/data.zip download! with following info: 
Connection: close
Content-Length: 23329
Cache-Control: max-age=300
Content-Security-Policy: default-src 'none'; style-src 'unsafe-inline'; sandbox
Content-Type: application/zip
ETag: "c69888a4ae59bc5a893392785a938ccd4937981c06ba8a9d6a21aa52b4ab5b6e"
Strict-Transport-Security: max-age=31536000
X-Content-Type-Options: nosniff
X-Frame-Options: deny
X-XSS-Protection: 1; mode=block
X-GitHub-Request-Id: 803C:299551:7AB48:B17A6:66371BCC
Accept-Ranges: bytes
Date: Sun, 05 May 2024 05:40:29 GMT
Via: 1.1 varnish
X-Served-By: cache-del21739-DEL
X-Cache: MISS
X-Cache-Hits: 0
X-Timer: S1714887629.480321,VS0,VE271
Vary: Authorization,Accept-Encoding,Origin
Access-Control-Allow-Origin: *
Cross-Origin-Resource-Policy: cross-origin
X-Fastly-Request-ID: 676a3c727e1e2024fc631ce5d041862c514318be
Expires: Sun, 05 May 2024 05:45:29 GMT
Source-Age: 0

:
[2024-05-05 11:10:29,744]: INFO: main: >>>>>> Data Ingestion Stage completed <<<<<<

x============x:
[2024-05-05 11:10:29,744]: INFO: main: >>>>>>  Data Validation Stage started <<<<<<
:
[2024-05-05 11:10:29,746]: INFO: common: yaml file: config/config.yaml loaded successfully:
[2024-05-05 11:10:29,747]: INFO: common: yaml file: params.yaml loaded successfully:
[2024-05-05 11:10:29,748]: INFO: common: yaml file: schema.yaml loaded successfully:
[2024-05-05 11:10:29,749]: INFO: common: created directory at: artifacts:
[2024-05-05 11:10:29,749]: INFO: common: created directory at: artifacts/data_validation:
[2024-05-05 11:10:29,756]: INFO: main: >>>>>>  Data Validation Stage completed <<<<<<

x============x:
[2024-05-05 11:10:29,756]: INFO: main: >>>>>>  Data Transformation Stage started <<<<<<
:
[2024-05-05 11:10:29,756]: INFO: main: >>>>>>  Data Transformation Stage completed <<<<<<

x============x:
[2024-05-05 11:11:36,389]: INFO: main: >>>>>>  Data Ingestion Stage started <<<<<<
:
[2024-05-05 11:11:36,391]: INFO: common: yaml file: config/config.yaml loaded successfully:
[2024-05-05 11:11:36,391]: INFO: common: yaml file: params.yaml loaded successfully:
[2024-05-05 11:11:36,393]: INFO: common: yaml file: schema.yaml loaded successfully:
[2024-05-05 11:11:36,393]: INFO: common: created directory at: artifacts:
[2024-05-05 11:11:36,393]: INFO: common: created directory at: artifacts/data_ingestion:
[2024-05-05 11:11:36,668]: INFO: data_ingestion: artifacts/data_ingestion/data.zip download! with following info: 
Connection: close
Content-Length: 23329
Cache-Control: max-age=300
Content-Security-Policy: default-src 'none'; style-src 'unsafe-inline'; sandbox
Content-Type: application/zip
ETag: "c69888a4ae59bc5a893392785a938ccd4937981c06ba8a9d6a21aa52b4ab5b6e"
Strict-Transport-Security: max-age=31536000
X-Content-Type-Options: nosniff
X-Frame-Options: deny
X-XSS-Protection: 1; mode=block
X-GitHub-Request-Id: 803C:299551:7AB48:B17A6:66371BCC
Accept-Ranges: bytes
Date: Sun, 05 May 2024 05:41:36 GMT
Via: 1.1 varnish
X-Served-By: cache-del21730-DEL
X-Cache: HIT
X-Cache-Hits: 0
X-Timer: S1714887697.725042,VS0,VE1
Vary: Authorization,Accept-Encoding,Origin
Access-Control-Allow-Origin: *
Cross-Origin-Resource-Policy: cross-origin
X-Fastly-Request-ID: 34eafc61f9053ea492fca08eb01e5618a92d5250
Expires: Sun, 05 May 2024 05:46:36 GMT
Source-Age: 67

:
[2024-05-05 11:11:36,671]: INFO: main: >>>>>> Data Ingestion Stage completed <<<<<<

x============x:
[2024-05-05 11:11:36,671]: INFO: main: >>>>>>  Data Validation Stage started <<<<<<
:
[2024-05-05 11:11:36,674]: INFO: common: yaml file: config/config.yaml loaded successfully:
[2024-05-05 11:11:36,674]: INFO: common: yaml file: params.yaml loaded successfully:
[2024-05-05 11:11:36,677]: INFO: common: yaml file: schema.yaml loaded successfully:
[2024-05-05 11:11:36,677]: INFO: common: created directory at: artifacts:
[2024-05-05 11:11:36,677]: INFO: common: created directory at: artifacts/data_validation:
[2024-05-05 11:11:36,688]: INFO: main: >>>>>>  Data Validation Stage completed <<<<<<

x============x:
[2024-05-05 11:11:36,688]: INFO: main: >>>>>>  Data Transformation Stage started <<<<<<
:
[2024-05-05 11:11:36,690]: INFO: common: yaml file: config/config.yaml loaded successfully:
[2024-05-05 11:11:36,690]: INFO: common: yaml file: params.yaml loaded successfully:
[2024-05-05 11:11:36,692]: INFO: common: yaml file: schema.yaml loaded successfully:
[2024-05-05 11:11:36,692]: INFO: common: created directory at: artifacts:
[2024-05-05 11:11:36,693]: INFO: common: created directory at: artifacts/data_transformation:
[2024-05-05 11:11:36,712]: INFO: data_transformation: Splitted data into training and test sets:
[2024-05-05 11:11:36,712]: INFO: data_transformation: Train Data Shape : (1199, 12):
[2024-05-05 11:11:36,712]: INFO: data_transformation: Test Data Shape: (400, 12):
[2024-05-05 11:11:36,712]: INFO: main: >>>>>>  Data Transformation Stage completed <<<<<<

x============x:
[2024-05-05 11:33:49,242]: INFO: common: yaml file: config/config.yaml loaded successfully:
[2024-05-05 11:33:49,245]: INFO: common: yaml file: params.yaml loaded successfully:
[2024-05-05 11:33:49,248]: INFO: common: yaml file: schema.yaml loaded successfully:
[2024-05-05 11:33:49,250]: INFO: common: created directory at: artifacts:
[2024-05-05 11:33:49,254]: INFO: common: created directory at: artifacts/model_trainer:
[2024-05-05 11:43:40,507]: INFO: main: >>>>>>  Data Ingestion Stage started <<<<<<
:
[2024-05-05 11:43:40,509]: INFO: common: yaml file: config/config.yaml loaded successfully:
[2024-05-05 11:43:40,510]: INFO: common: yaml file: params.yaml loaded successfully:
[2024-05-05 11:43:40,512]: INFO: common: yaml file: schema.yaml loaded successfully:
[2024-05-05 11:43:40,512]: INFO: common: created directory at: artifacts:
[2024-05-05 11:43:40,512]: INFO: common: created directory at: artifacts/data_ingestion:
[2024-05-05 11:43:41,629]: INFO: data_ingestion: artifacts/data_ingestion/data.zip download! with following info: 
Connection: close
Content-Length: 23329
Cache-Control: max-age=300
Content-Security-Policy: default-src 'none'; style-src 'unsafe-inline'; sandbox
Content-Type: application/zip
ETag: "c69888a4ae59bc5a893392785a938ccd4937981c06ba8a9d6a21aa52b4ab5b6e"
Strict-Transport-Security: max-age=31536000
X-Content-Type-Options: nosniff
X-Frame-Options: deny
X-XSS-Protection: 1; mode=block
X-GitHub-Request-Id: 803C:299551:7AB48:B17A6:66371BCC
Accept-Ranges: bytes
Date: Sun, 05 May 2024 06:13:41 GMT
Via: 1.1 varnish
X-Served-By: cache-del21741-DEL
X-Cache: HIT
X-Cache-Hits: 0
X-Timer: S1714889621.372261,VS0,VE265
Vary: Authorization,Accept-Encoding,Origin
Access-Control-Allow-Origin: *
Cross-Origin-Resource-Policy: cross-origin
X-Fastly-Request-ID: ea2c70e0c49d2b3298529a66c7b10bdbce53e8f9
Expires: Sun, 05 May 2024 06:18:41 GMT
Source-Age: 0

:
[2024-05-05 11:43:41,632]: INFO: main: >>>>>> Data Ingestion Stage completed <<<<<<

x============x:
[2024-05-05 11:43:41,632]: INFO: main: >>>>>>  Data Validation Stage started <<<<<<
:
[2024-05-05 11:43:41,637]: INFO: common: yaml file: config/config.yaml loaded successfully:
[2024-05-05 11:43:41,638]: INFO: common: yaml file: params.yaml loaded successfully:
[2024-05-05 11:43:41,641]: INFO: common: yaml file: schema.yaml loaded successfully:
[2024-05-05 11:43:41,641]: INFO: common: created directory at: artifacts:
[2024-05-05 11:43:41,641]: INFO: common: created directory at: artifacts/data_validation:
[2024-05-05 11:43:41,652]: INFO: main: >>>>>>  Data Validation Stage completed <<<<<<

x============x:
[2024-05-05 11:43:41,652]: INFO: main: >>>>>>  Data Transformation Stage started <<<<<<
:
[2024-05-05 11:43:41,654]: INFO: common: yaml file: config/config.yaml loaded successfully:
[2024-05-05 11:43:41,655]: INFO: common: yaml file: params.yaml loaded successfully:
[2024-05-05 11:43:41,657]: INFO: common: yaml file: schema.yaml loaded successfully:
[2024-05-05 11:43:41,657]: INFO: common: created directory at: artifacts:
[2024-05-05 11:43:41,658]: INFO: common: created directory at: artifacts/data_transformation:
[2024-05-05 11:43:41,679]: INFO: data_transformation: Splitted data into training and test sets:
[2024-05-05 11:43:41,679]: INFO: data_transformation: Train Data Shape : (1199, 12):
[2024-05-05 11:43:41,679]: INFO: data_transformation: Test Data Shape: (400, 12):
[2024-05-05 11:43:41,679]: INFO: main: >>>>>>  Data Transformation Stage completed <<<<<<

x============x:
[2024-05-05 11:43:41,679]: INFO: main: >>>>>>  Model Trainer Stage started <<<<<<
:
[2024-05-05 11:43:41,681]: INFO: common: yaml file: config/config.yaml loaded successfully:
[2024-05-05 11:43:41,682]: INFO: common: yaml file: params.yaml loaded successfully:
[2024-05-05 11:43:41,683]: INFO: common: yaml file: schema.yaml loaded successfully:
[2024-05-05 11:43:41,683]: INFO: common: created directory at: artifacts:
[2024-05-05 11:43:41,683]: INFO: common: created directory at: artifacts/model_trainer:
[2024-05-05 11:43:41,693]: INFO: main: >>>>>>  Model Trainer Stage completed <<<<<<

x============x:
[2024-05-05 12:21:46,075]: INFO: common: yaml file: config/config.yaml loaded successfully:
[2024-05-05 12:21:46,078]: INFO: common: yaml file: params.yaml loaded successfully:
[2024-05-05 12:21:46,080]: INFO: common: yaml file: schema.yaml loaded successfully:
[2024-05-05 12:21:46,082]: INFO: common: created directory at: artifacts:
[2024-05-05 12:21:46,083]: INFO: common: created directory at: artifacts/model_evaluation:
[2024-05-05 12:21:47,196]: INFO: common: json file saved at: artifacts/model_evaluation/metrics.json:
[2024-05-05 12:24:08,747]: INFO: common: yaml file: config/config.yaml loaded successfully:
[2024-05-05 12:24:08,750]: INFO: common: yaml file: params.yaml loaded successfully:
[2024-05-05 12:24:08,753]: INFO: common: yaml file: schema.yaml loaded successfully:
[2024-05-05 12:24:08,754]: INFO: common: created directory at: artifacts:
[2024-05-05 12:24:08,755]: INFO: common: created directory at: artifacts/model_evaluation:
[2024-05-05 12:24:09,306]: INFO: common: json file saved at: artifacts/model_evaluation/metrics.json:
[2024-05-05 12:33:06,337]: INFO: main: >>>>>>  Data Ingestion Stage started <<<<<<
:
[2024-05-05 12:33:06,340]: INFO: common: yaml file: config/config.yaml loaded successfully:
[2024-05-05 12:33:06,341]: INFO: common: yaml file: params.yaml loaded successfully:
[2024-05-05 12:33:06,342]: INFO: common: yaml file: schema.yaml loaded successfully:
[2024-05-05 12:33:06,343]: INFO: common: created directory at: artifacts:
[2024-05-05 12:33:06,343]: INFO: common: created directory at: artifacts/data_ingestion:
[2024-05-05 12:33:07,333]: INFO: data_ingestion: artifacts/data_ingestion/data.zip download! with following info: 
Connection: close
Content-Length: 23329
Cache-Control: max-age=300
Content-Security-Policy: default-src 'none'; style-src 'unsafe-inline'; sandbox
Content-Type: application/zip
ETag: "c69888a4ae59bc5a893392785a938ccd4937981c06ba8a9d6a21aa52b4ab5b6e"
Strict-Transport-Security: max-age=31536000
X-Content-Type-Options: nosniff
X-Frame-Options: deny
X-XSS-Protection: 1; mode=block
X-GitHub-Request-Id: 803C:299551:7AB48:B17A6:66371BCC
Accept-Ranges: bytes
Date: Sun, 05 May 2024 07:03:07 GMT
Via: 1.1 varnish
X-Served-By: cache-del21742-DEL
X-Cache: HIT
X-Cache-Hits: 0
X-Timer: S1714892587.084249,VS0,VE263
Vary: Authorization,Accept-Encoding,Origin
Access-Control-Allow-Origin: *
Cross-Origin-Resource-Policy: cross-origin
X-Fastly-Request-ID: 7fac5545884a5ccd194cebe6ebd2c535ca7b6b32
Expires: Sun, 05 May 2024 07:08:07 GMT
Source-Age: 0

:
[2024-05-05 12:33:07,336]: INFO: main: >>>>>> Data Ingestion Stage completed <<<<<<

x============x:
[2024-05-05 12:33:07,336]: INFO: main: >>>>>>  Data Validation Stage started <<<<<<
:
[2024-05-05 12:33:07,338]: INFO: common: yaml file: config/config.yaml loaded successfully:
[2024-05-05 12:33:07,338]: INFO: common: yaml file: params.yaml loaded successfully:
[2024-05-05 12:33:07,339]: INFO: common: yaml file: schema.yaml loaded successfully:
[2024-05-05 12:33:07,340]: INFO: common: created directory at: artifacts:
[2024-05-05 12:33:07,340]: INFO: common: created directory at: artifacts/data_validation:
[2024-05-05 12:33:07,347]: INFO: main: >>>>>>  Data Validation Stage completed <<<<<<

x============x:
[2024-05-05 12:33:07,348]: INFO: main: >>>>>>  Data Transformation Stage started <<<<<<
:
[2024-05-05 12:33:07,351]: INFO: common: yaml file: config/config.yaml loaded successfully:
[2024-05-05 12:33:07,351]: INFO: common: yaml file: params.yaml loaded successfully:
[2024-05-05 12:33:07,352]: INFO: common: yaml file: schema.yaml loaded successfully:
[2024-05-05 12:33:07,353]: INFO: common: created directory at: artifacts:
[2024-05-05 12:33:07,353]: INFO: common: created directory at: artifacts/data_transformation:
[2024-05-05 12:33:07,374]: INFO: data_transformation: Splitted data into training and test sets:
[2024-05-05 12:33:07,374]: INFO: data_transformation: Train Data Shape : (1199, 12):
[2024-05-05 12:33:07,374]: INFO: data_transformation: Test Data Shape: (400, 12):
[2024-05-05 12:33:07,374]: INFO: main: >>>>>>  Data Transformation Stage completed <<<<<<

x============x:
[2024-05-05 12:33:07,374]: INFO: main: >>>>>>  Model Trainer Stage started <<<<<<
:
[2024-05-05 12:33:07,376]: INFO: common: yaml file: config/config.yaml loaded successfully:
[2024-05-05 12:33:07,377]: INFO: common: yaml file: params.yaml loaded successfully:
[2024-05-05 12:33:07,378]: INFO: common: yaml file: schema.yaml loaded successfully:
[2024-05-05 12:33:07,379]: INFO: common: created directory at: artifacts:
[2024-05-05 12:33:07,379]: INFO: common: created directory at: artifacts/model_trainer:
[2024-05-05 12:33:07,393]: INFO: main: >>>>>>  Model Trainer Stage completed <<<<<<

x============x:
[2024-05-05 12:33:07,393]: INFO: main: >>>>>> stage Model evaluation stage started <<<<<<:
[2024-05-05 12:33:07,395]: INFO: common: yaml file: config/config.yaml loaded successfully:
[2024-05-05 12:33:07,396]: INFO: common: yaml file: params.yaml loaded successfully:
[2024-05-05 12:33:07,397]: INFO: common: yaml file: schema.yaml loaded successfully:
[2024-05-05 12:33:07,397]: INFO: common: created directory at: artifacts:
[2024-05-05 12:33:07,398]: INFO: common: created directory at: artifacts/model_evaluation:
[2024-05-05 12:33:08,054]: INFO: common: json file saved at: artifacts/model_evaluation/metrics.json:
[2024-05-05 12:33:19,097]: INFO: main: >>>>>> stage Model evaluation stage completed <<<<<<

x==========x:
[2024-05-05 12:34:25,780]: INFO: main: >>>>>>  Data Ingestion Stage started <<<<<<
:
[2024-05-05 12:34:25,783]: INFO: common: yaml file: config/config.yaml loaded successfully:
[2024-05-05 12:34:25,783]: INFO: common: yaml file: params.yaml loaded successfully:
[2024-05-05 12:34:25,785]: INFO: common: yaml file: schema.yaml loaded successfully:
[2024-05-05 12:34:25,785]: INFO: common: created directory at: artifacts:
[2024-05-05 12:34:25,785]: INFO: common: created directory at: artifacts/data_ingestion:
[2024-05-05 12:34:25,785]: INFO: data_ingestion: File already exists of size: ~ 23 KB:
[2024-05-05 12:34:25,787]: INFO: main: >>>>>> Data Ingestion Stage completed <<<<<<

x============x:
[2024-05-05 12:34:25,787]: INFO: main: >>>>>>  Data Validation Stage started <<<<<<
:
[2024-05-05 12:34:25,789]: INFO: common: yaml file: config/config.yaml loaded successfully:
[2024-05-05 12:34:25,789]: INFO: common: yaml file: params.yaml loaded successfully:
[2024-05-05 12:34:25,790]: INFO: common: yaml file: schema.yaml loaded successfully:
[2024-05-05 12:34:25,791]: INFO: common: created directory at: artifacts:
[2024-05-05 12:34:25,791]: INFO: common: created directory at: artifacts/data_validation:
[2024-05-05 12:34:25,798]: INFO: main: >>>>>>  Data Validation Stage completed <<<<<<

x============x:
[2024-05-05 12:34:25,798]: INFO: main: >>>>>>  Data Transformation Stage started <<<<<<
:
[2024-05-05 12:34:25,800]: INFO: common: yaml file: config/config.yaml loaded successfully:
[2024-05-05 12:34:25,800]: INFO: common: yaml file: params.yaml loaded successfully:
[2024-05-05 12:34:25,802]: INFO: common: yaml file: schema.yaml loaded successfully:
[2024-05-05 12:34:25,802]: INFO: common: created directory at: artifacts:
[2024-05-05 12:34:25,802]: INFO: common: created directory at: artifacts/data_transformation:
[2024-05-05 12:34:25,820]: INFO: data_transformation: Splitted data into training and test sets:
[2024-05-05 12:34:25,821]: INFO: data_transformation: Train Data Shape : (1199, 12):
[2024-05-05 12:34:25,821]: INFO: data_transformation: Test Data Shape: (400, 12):
[2024-05-05 12:34:25,821]: INFO: main: >>>>>>  Data Transformation Stage completed <<<<<<

x============x:
[2024-05-05 12:34:25,821]: INFO: main: >>>>>>  Model Trainer Stage started <<<<<<
:
[2024-05-05 12:34:25,823]: INFO: common: yaml file: config/config.yaml loaded successfully:
[2024-05-05 12:34:25,823]: INFO: common: yaml file: params.yaml loaded successfully:
[2024-05-05 12:34:25,824]: INFO: common: yaml file: schema.yaml loaded successfully:
[2024-05-05 12:34:25,825]: INFO: common: created directory at: artifacts:
[2024-05-05 12:34:25,825]: INFO: common: created directory at: artifacts/model_trainer:
[2024-05-05 12:34:25,834]: INFO: main: >>>>>>  Model Trainer Stage completed <<<<<<

x============x:
[2024-05-05 12:34:25,834]: INFO: main: >>>>>> stage Model evaluation stage started <<<<<<:
[2024-05-05 12:34:25,836]: INFO: common: yaml file: config/config.yaml loaded successfully:
[2024-05-05 12:34:25,836]: INFO: common: yaml file: params.yaml loaded successfully:
[2024-05-05 12:34:25,837]: INFO: common: yaml file: schema.yaml loaded successfully:
[2024-05-05 12:34:25,838]: INFO: common: created directory at: artifacts:
[2024-05-05 12:34:25,838]: INFO: common: created directory at: artifacts/model_evaluation:
[2024-05-05 12:34:26,595]: INFO: common: json file saved at: artifacts/model_evaluation/metrics.json:
[2024-05-05 12:34:37,538]: INFO: main: >>>>>> stage Model evaluation stage completed <<<<<<

x==========x:
[2024-05-05 12:36:51,366]: INFO: main: >>>>>>  Data Ingestion Stage started <<<<<<
:
[2024-05-05 12:36:51,369]: INFO: common: yaml file: config/config.yaml loaded successfully:
[2024-05-05 12:36:51,369]: INFO: common: yaml file: params.yaml loaded successfully:
[2024-05-05 12:36:51,371]: INFO: common: yaml file: schema.yaml loaded successfully:
[2024-05-05 12:36:51,371]: INFO: common: created directory at: artifacts:
[2024-05-05 12:36:51,371]: INFO: common: created directory at: artifacts/data_ingestion:
[2024-05-05 12:36:51,371]: INFO: data_ingestion: File already exists of size: ~ 23 KB:
[2024-05-05 12:36:51,373]: INFO: main: >>>>>> Data Ingestion Stage completed <<<<<<

x============x:
[2024-05-05 12:36:51,373]: INFO: main: >>>>>>  Data Validation Stage started <<<<<<
:
[2024-05-05 12:36:51,375]: INFO: common: yaml file: config/config.yaml loaded successfully:
[2024-05-05 12:36:51,375]: INFO: common: yaml file: params.yaml loaded successfully:
[2024-05-05 12:36:51,376]: INFO: common: yaml file: schema.yaml loaded successfully:
[2024-05-05 12:36:51,377]: INFO: common: created directory at: artifacts:
[2024-05-05 12:36:51,377]: INFO: common: created directory at: artifacts/data_validation:
[2024-05-05 12:36:51,383]: INFO: main: >>>>>>  Data Validation Stage completed <<<<<<

x============x:
[2024-05-05 12:36:51,383]: INFO: main: >>>>>>  Data Transformation Stage started <<<<<<
:
[2024-05-05 12:36:51,385]: INFO: common: yaml file: config/config.yaml loaded successfully:
[2024-05-05 12:36:51,385]: INFO: common: yaml file: params.yaml loaded successfully:
[2024-05-05 12:36:51,387]: INFO: common: yaml file: schema.yaml loaded successfully:
[2024-05-05 12:36:51,387]: INFO: common: created directory at: artifacts:
[2024-05-05 12:36:51,387]: INFO: common: created directory at: artifacts/data_transformation:
[2024-05-05 12:36:51,402]: INFO: data_transformation: Splitted data into training and test sets:
[2024-05-05 12:36:51,402]: INFO: data_transformation: Train Data Shape : (1199, 12):
[2024-05-05 12:36:51,402]: INFO: data_transformation: Test Data Shape: (400, 12):
[2024-05-05 12:36:51,402]: INFO: main: >>>>>>  Data Transformation Stage completed <<<<<<

x============x:
[2024-05-05 12:36:51,402]: INFO: main: >>>>>>  Model Trainer Stage started <<<<<<
:
[2024-05-05 12:36:51,404]: INFO: common: yaml file: config/config.yaml loaded successfully:
[2024-05-05 12:36:51,405]: INFO: common: yaml file: params.yaml loaded successfully:
[2024-05-05 12:36:51,406]: INFO: common: yaml file: schema.yaml loaded successfully:
[2024-05-05 12:36:51,406]: INFO: common: created directory at: artifacts:
[2024-05-05 12:36:51,406]: INFO: common: created directory at: artifacts/model_trainer:
[2024-05-05 12:36:51,415]: INFO: main: >>>>>>  Model Trainer Stage completed <<<<<<

x============x:
[2024-05-05 12:36:51,415]: INFO: main: >>>>>> stage Model evaluation stage started <<<<<<:
[2024-05-05 12:36:51,417]: INFO: common: yaml file: config/config.yaml loaded successfully:
[2024-05-05 12:36:51,417]: INFO: common: yaml file: params.yaml loaded successfully:
[2024-05-05 12:36:51,418]: INFO: common: yaml file: schema.yaml loaded successfully:
[2024-05-05 12:36:51,418]: INFO: common: created directory at: artifacts:
[2024-05-05 12:36:51,419]: INFO: common: created directory at: artifacts/model_evaluation:
[2024-05-05 12:36:52,179]: INFO: common: json file saved at: artifacts/model_evaluation/metrics.json:
[2024-05-05 12:37:03,257]: INFO: main: >>>>>> stage Model evaluation stage completed <<<<<<

x==========x:
[2024-05-05 12:39:15,980]: INFO: main: >>>>>>  Data Ingestion Stage started <<<<<<
:
[2024-05-05 12:39:15,983]: INFO: common: yaml file: config/config.yaml loaded successfully:
[2024-05-05 12:39:15,983]: INFO: common: yaml file: params.yaml loaded successfully:
[2024-05-05 12:39:15,984]: INFO: common: yaml file: schema.yaml loaded successfully:
[2024-05-05 12:39:15,985]: INFO: common: created directory at: artifacts:
[2024-05-05 12:39:15,985]: INFO: common: created directory at: artifacts/data_ingestion:
[2024-05-05 12:39:15,985]: INFO: data_ingestion: File already exists of size: ~ 23 KB:
[2024-05-05 12:39:15,986]: INFO: main: >>>>>> Data Ingestion Stage completed <<<<<<

x============x:
[2024-05-05 12:39:15,986]: INFO: main: >>>>>>  Data Validation Stage started <<<<<<
:
[2024-05-05 12:39:15,988]: INFO: common: yaml file: config/config.yaml loaded successfully:
[2024-05-05 12:39:15,989]: INFO: common: yaml file: params.yaml loaded successfully:
[2024-05-05 12:39:15,990]: INFO: common: yaml file: schema.yaml loaded successfully:
[2024-05-05 12:39:15,991]: INFO: common: created directory at: artifacts:
[2024-05-05 12:39:15,991]: INFO: common: created directory at: artifacts/data_validation:
[2024-05-05 12:39:15,997]: INFO: main: >>>>>>  Data Validation Stage completed <<<<<<

x============x:
[2024-05-05 12:39:15,997]: INFO: main: >>>>>>  Data Transformation Stage started <<<<<<
:
[2024-05-05 12:39:16,000]: INFO: common: yaml file: config/config.yaml loaded successfully:
[2024-05-05 12:39:16,000]: INFO: common: yaml file: params.yaml loaded successfully:
[2024-05-05 12:39:16,001]: INFO: common: yaml file: schema.yaml loaded successfully:
[2024-05-05 12:39:16,001]: INFO: common: created directory at: artifacts:
[2024-05-05 12:39:16,001]: INFO: common: created directory at: artifacts/data_transformation:
[2024-05-05 12:39:16,021]: INFO: data_transformation: Splitted data into training and test sets:
[2024-05-05 12:39:16,021]: INFO: data_transformation: Train Data Shape : (1199, 12):
[2024-05-05 12:39:16,021]: INFO: data_transformation: Test Data Shape: (400, 12):
[2024-05-05 12:39:16,021]: INFO: main: >>>>>>  Data Transformation Stage completed <<<<<<

x============x:
[2024-05-05 12:39:16,021]: INFO: main: >>>>>>  Model Trainer Stage started <<<<<<
:
[2024-05-05 12:39:16,023]: INFO: common: yaml file: config/config.yaml loaded successfully:
[2024-05-05 12:39:16,024]: INFO: common: yaml file: params.yaml loaded successfully:
[2024-05-05 12:39:16,025]: INFO: common: yaml file: schema.yaml loaded successfully:
[2024-05-05 12:39:16,025]: INFO: common: created directory at: artifacts:
[2024-05-05 12:39:16,025]: INFO: common: created directory at: artifacts/model_trainer:
[2024-05-05 12:39:16,034]: INFO: main: >>>>>>  Model Trainer Stage completed <<<<<<

x============x:
[2024-05-05 12:39:16,034]: INFO: main: >>>>>> stage Model evaluation stage started <<<<<<:
[2024-05-05 12:39:16,036]: INFO: common: yaml file: config/config.yaml loaded successfully:
[2024-05-05 12:39:16,036]: INFO: common: yaml file: params.yaml loaded successfully:
[2024-05-05 12:39:16,037]: INFO: common: yaml file: schema.yaml loaded successfully:
[2024-05-05 12:39:16,038]: INFO: common: created directory at: artifacts:
[2024-05-05 12:39:16,038]: INFO: common: created directory at: artifacts/model_evaluation:
[2024-05-05 12:39:18,027]: INFO: common: json file saved at: artifacts/model_evaluation/metrics.json:
[2024-05-05 12:39:29,074]: INFO: main: >>>>>> stage Model evaluation stage completed <<<<<<

x==========x:
[2024-05-05 12:39:36,377]: INFO: main: >>>>>>  Data Ingestion Stage started <<<<<<
:
[2024-05-05 12:39:36,379]: INFO: common: yaml file: config/config.yaml loaded successfully:
[2024-05-05 12:39:36,380]: INFO: common: yaml file: params.yaml loaded successfully:
[2024-05-05 12:39:36,381]: INFO: common: yaml file: schema.yaml loaded successfully:
[2024-05-05 12:39:36,381]: INFO: common: created directory at: artifacts:
[2024-05-05 12:39:36,381]: INFO: common: created directory at: artifacts/data_ingestion:
[2024-05-05 12:39:36,382]: INFO: data_ingestion: File already exists of size: ~ 23 KB:
[2024-05-05 12:39:36,383]: INFO: main: >>>>>> Data Ingestion Stage completed <<<<<<

x============x:
[2024-05-05 12:39:36,383]: INFO: main: >>>>>>  Data Validation Stage started <<<<<<
:
[2024-05-05 12:39:36,385]: INFO: common: yaml file: config/config.yaml loaded successfully:
[2024-05-05 12:39:36,385]: INFO: common: yaml file: params.yaml loaded successfully:
[2024-05-05 12:39:36,387]: INFO: common: yaml file: schema.yaml loaded successfully:
[2024-05-05 12:39:36,387]: INFO: common: created directory at: artifacts:
[2024-05-05 12:39:36,387]: INFO: common: created directory at: artifacts/data_validation:
[2024-05-05 12:39:36,393]: INFO: main: >>>>>>  Data Validation Stage completed <<<<<<

x============x:
[2024-05-05 12:39:36,393]: INFO: main: >>>>>>  Data Transformation Stage started <<<<<<
:
[2024-05-05 12:39:36,395]: INFO: common: yaml file: config/config.yaml loaded successfully:
[2024-05-05 12:39:36,397]: INFO: common: yaml file: params.yaml loaded successfully:
[2024-05-05 12:39:36,398]: INFO: common: yaml file: schema.yaml loaded successfully:
[2024-05-05 12:39:36,398]: INFO: common: created directory at: artifacts:
[2024-05-05 12:39:36,398]: INFO: common: created directory at: artifacts/data_transformation:
[2024-05-05 12:39:36,411]: INFO: data_transformation: Splitted data into training and test sets:
[2024-05-05 12:39:36,411]: INFO: data_transformation: Train Data Shape : (1199, 12):
[2024-05-05 12:39:36,411]: INFO: data_transformation: Test Data Shape: (400, 12):
[2024-05-05 12:39:36,411]: INFO: main: >>>>>>  Data Transformation Stage completed <<<<<<

x============x:
[2024-05-05 12:39:36,411]: INFO: main: >>>>>>  Model Trainer Stage started <<<<<<
:
[2024-05-05 12:39:36,413]: INFO: common: yaml file: config/config.yaml loaded successfully:
[2024-05-05 12:39:36,414]: INFO: common: yaml file: params.yaml loaded successfully:
[2024-05-05 12:39:36,415]: INFO: common: yaml file: schema.yaml loaded successfully:
[2024-05-05 12:39:36,415]: INFO: common: created directory at: artifacts:
[2024-05-05 12:39:36,415]: INFO: common: created directory at: artifacts/model_trainer:
[2024-05-05 12:39:36,421]: INFO: main: >>>>>>  Model Trainer Stage completed <<<<<<

x============x:
[2024-05-05 12:39:36,421]: INFO: main: >>>>>> stage Model evaluation stage started <<<<<<:
[2024-05-05 12:39:36,423]: INFO: common: yaml file: config/config.yaml loaded successfully:
[2024-05-05 12:39:36,424]: INFO: common: yaml file: params.yaml loaded successfully:
[2024-05-05 12:39:36,425]: INFO: common: yaml file: schema.yaml loaded successfully:
[2024-05-05 12:39:36,425]: INFO: common: created directory at: artifacts:
[2024-05-05 12:39:36,425]: INFO: common: created directory at: artifacts/model_evaluation:
[2024-05-05 12:39:37,075]: INFO: common: json file saved at: artifacts/model_evaluation/metrics.json:
[2024-05-05 12:39:47,713]: INFO: main: >>>>>> stage Model evaluation stage completed <<<<<<

x==========x:
[2024-05-05 12:58:32,982]: INFO: _internal: [31m[1mWARNING: This is a development server. Do not use it in a production deployment. Use a production WSGI server instead.[0m
 * Running on all addresses (0.0.0.0)
 * Running on http://127.0.0.1:8080
 * Running on http://172.24.234.115:8080:
[2024-05-05 12:58:32,982]: INFO: _internal: [33mPress CTRL+C to quit[0m:
[2024-05-05 12:58:45,262]: INFO: _internal: 172.24.234.115 - - [05/May/2024 12:58:45] "GET / HTTP/1.1" 200 -:
[2024-05-05 12:58:45,308]: INFO: _internal: 172.24.234.115 - - [05/May/2024 12:58:45] "GET /static/js/scripts.js HTTP/1.1" 200 -:
[2024-05-05 12:58:45,309]: INFO: _internal: 172.24.234.115 - - [05/May/2024 12:58:45] "GET /static/css2/nunito-font.css HTTP/1.1" 200 -:
[2024-05-05 12:58:45,309]: INFO: _internal: 172.24.234.115 - - [05/May/2024 12:58:45] "GET /static/css2/style.css HTTP/1.1" 200 -:
[2024-05-05 12:58:45,309]: INFO: _internal: 172.24.234.115 - - [05/May/2024 12:58:45] "GET /static/css/styles.css HTTP/1.1" 200 -:
[2024-05-05 12:58:46,634]: INFO: _internal: 172.24.234.115 - - [05/May/2024 12:58:46] "[33mGET /static/fonts/Nunito/Nunito-Bold.ttf HTTP/1.1[0m" 404 -:
[2024-05-05 12:58:46,635]: INFO: _internal: 172.24.234.115 - - [05/May/2024 12:58:46] "[33mGET /static/assets/img/wine.jpg HTTP/1.1[0m" 404 -:
[2024-05-05 12:58:46,638]: INFO: _internal: 172.24.234.115 - - [05/May/2024 12:58:46] "GET /static/assets/img/form-v9.jpg HTTP/1.1" 200 -:
[2024-05-05 12:58:46,669]: INFO: _internal: 172.24.234.115 - - [05/May/2024 12:58:46] "[33mGET /static/fonts/Nunito/Nunito-ExtraBold.ttf HTTP/1.1[0m" 404 -:
[2024-05-05 12:58:46,674]: INFO: _internal: 172.24.234.115 - - [05/May/2024 12:58:46] "[33mGET /static/fonts/Nunito/Nunito-Black.ttf HTTP/1.1[0m" 404 -:
[2024-05-05 12:58:46,678]: INFO: _internal: 172.24.234.115 - - [05/May/2024 12:58:46] "[33mGET /static/fonts/Nunito/Nunito-SemiBold.ttf HTTP/1.1[0m" 404 -:
[2024-05-05 12:58:46,682]: INFO: _internal: 172.24.234.115 - - [05/May/2024 12:58:46] "[33mGET /static/fonts/Nunito/Nunito-Regular.ttf HTTP/1.1[0m" 404 -:
[2024-05-05 12:58:46,696]: INFO: _internal: 172.24.234.115 - - [05/May/2024 12:58:46] "[33mGET /static/fonts/Nunito/Nunito-Light.ttf HTTP/1.1[0m" 404 -:
[2024-05-05 12:58:46,699]: INFO: _internal: 172.24.234.115 - - [05/May/2024 12:58:46] "[33mGET /static/fonts/Nunito/Nunito-ExtraLight.ttf HTTP/1.1[0m" 404 -:
[2024-05-05 12:58:46,887]: INFO: _internal: 172.24.234.115 - - [05/May/2024 12:58:46] "GET /static/assets/favicon.ico HTTP/1.1" 200 -:
[2024-05-05 13:00:09,915]: INFO: _internal: [31m[1mWARNING: This is a development server. Do not use it in a production deployment. Use a production WSGI server instead.[0m
 * Running on all addresses (0.0.0.0)
 * Running on http://127.0.0.1:8080
 * Running on http://172.24.234.115:8080:
[2024-05-05 13:00:09,915]: INFO: _internal: [33mPress CTRL+C to quit[0m:
[2024-05-05 13:00:17,906]: INFO: _internal: 172.24.234.115 - - [05/May/2024 13:00:17] "GET / HTTP/1.1" 200 -:
[2024-05-05 13:00:17,947]: INFO: _internal: 172.24.234.115 - - [05/May/2024 13:00:17] "[36mGET /static/css/styles.css HTTP/1.1[0m" 304 -:
[2024-05-05 13:00:17,948]: INFO: _internal: 172.24.234.115 - - [05/May/2024 13:00:17] "[36mGET /static/css2/style.css HTTP/1.1[0m" 304 -:
[2024-05-05 13:00:17,949]: INFO: _internal: 172.24.234.115 - - [05/May/2024 13:00:17] "[36mGET /static/css2/nunito-font.css HTTP/1.1[0m" 304 -:
[2024-05-05 13:00:17,949]: INFO: _internal: 172.24.234.115 - - [05/May/2024 13:00:17] "[36mGET /static/js/scripts.js HTTP/1.1[0m" 304 -:
[2024-05-05 13:00:17,962]: INFO: _internal: 172.24.234.115 - - [05/May/2024 13:00:17] "[33mGET /static/fonts/Nunito/Nunito-Bold.ttf HTTP/1.1[0m" 404 -:
[2024-05-05 13:00:17,963]: INFO: _internal: 172.24.234.115 - - [05/May/2024 13:00:17] "[33mGET /static/assets/img/wine.jpg HTTP/1.1[0m" 404 -:
[2024-05-05 13:00:17,964]: INFO: _internal: 172.24.234.115 - - [05/May/2024 13:00:17] "[36mGET /static/assets/img/form-v9.jpg HTTP/1.1[0m" 304 -:
[2024-05-05 13:00:17,970]: INFO: _internal: 172.24.234.115 - - [05/May/2024 13:00:17] "[33mGET /static/fonts/Nunito/Nunito-ExtraBold.ttf HTTP/1.1[0m" 404 -:
[2024-05-05 13:00:17,980]: INFO: _internal: 172.24.234.115 - - [05/May/2024 13:00:17] "[33mGET /static/fonts/Nunito/Nunito-Black.ttf HTTP/1.1[0m" 404 -:
[2024-05-05 13:00:17,988]: INFO: _internal: 172.24.234.115 - - [05/May/2024 13:00:17] "[33mGET /static/fonts/Nunito/Nunito-SemiBold.ttf HTTP/1.1[0m" 404 -:
[2024-05-05 13:00:18,000]: INFO: _internal: 172.24.234.115 - - [05/May/2024 13:00:18] "[33mGET /static/fonts/Nunito/Nunito-Regular.ttf HTTP/1.1[0m" 404 -:
[2024-05-05 13:00:18,023]: INFO: _internal: 172.24.234.115 - - [05/May/2024 13:00:18] "[33mGET /static/fonts/Nunito/Nunito-Light.ttf HTTP/1.1[0m" 404 -:
[2024-05-05 13:00:18,041]: INFO: _internal: 172.24.234.115 - - [05/May/2024 13:00:18] "[33mGET /static/fonts/Nunito/Nunito-ExtraLight.ttf HTTP/1.1[0m" 404 -:
[2024-05-05 13:02:09,802]: INFO: _internal: 172.24.234.115 - - [05/May/2024 13:02:09] "POST /predict HTTP/1.1" 200 -:
[2024-05-05 13:02:09,872]: INFO: _internal: 172.24.234.115 - - [05/May/2024 13:02:09] "[33mGET /favicon.ico HTTP/1.1[0m" 404 -:
[2024-05-05 13:02:14,260]: INFO: _internal: 172.24.234.115 - - [05/May/2024 13:02:14] "POST /predict HTTP/1.1" 200 -:
[2024-05-05 13:03:31,208]: INFO: _internal: [31m[1mWARNING: This is a development server. Do not use it in a production deployment. Use a production WSGI server instead.[0m
 * Running on all addresses (0.0.0.0)
 * Running on http://127.0.0.1:8080
 * Running on http://172.24.234.115:8080:
[2024-05-05 13:03:31,209]: INFO: _internal: [33mPress CTRL+C to quit[0m:
[2024-05-05 13:03:36,540]: INFO: _internal: 172.24.234.115 - - [05/May/2024 13:03:36] "GET / HTTP/1.1" 200 -:
[2024-05-05 13:03:36,584]: INFO: _internal: 172.24.234.115 - - [05/May/2024 13:03:36] "[36mGET /static/css/styles.css HTTP/1.1[0m" 304 -:
[2024-05-05 13:03:36,585]: INFO: _internal: 172.24.234.115 - - [05/May/2024 13:03:36] "[36mGET /static/css2/nunito-font.css HTTP/1.1[0m" 304 -:
[2024-05-05 13:03:36,587]: INFO: _internal: 172.24.234.115 - - [05/May/2024 13:03:36] "[36mGET /static/css2/style.css HTTP/1.1[0m" 304 -:
[2024-05-05 13:03:36,587]: INFO: _internal: 172.24.234.115 - - [05/May/2024 13:03:36] "[36mGET /static/js/scripts.js HTTP/1.1[0m" 304 -:
[2024-05-05 13:03:36,610]: INFO: _internal: 172.24.234.115 - - [05/May/2024 13:03:36] "[33mGET /static/fonts/Nunito/Nunito-Bold.ttf HTTP/1.1[0m" 404 -:
[2024-05-05 13:03:36,611]: INFO: _internal: 172.24.234.115 - - [05/May/2024 13:03:36] "[33mGET /static/assets/img/wine.jpg HTTP/1.1[0m" 404 -:
[2024-05-05 13:03:36,614]: INFO: _internal: 172.24.234.115 - - [05/May/2024 13:03:36] "[36mGET /static/assets/img/form-v9.jpg HTTP/1.1[0m" 304 -:
[2024-05-05 13:03:36,618]: INFO: _internal: 172.24.234.115 - - [05/May/2024 13:03:36] "[33mGET /static/fonts/Nunito/Nunito-ExtraBold.ttf HTTP/1.1[0m" 404 -:
[2024-05-05 13:03:36,623]: INFO: _internal: 172.24.234.115 - - [05/May/2024 13:03:36] "[33mGET /static/fonts/Nunito/Nunito-Black.ttf HTTP/1.1[0m" 404 -:
[2024-05-05 13:03:36,627]: INFO: _internal: 172.24.234.115 - - [05/May/2024 13:03:36] "[33mGET /static/fonts/Nunito/Nunito-SemiBold.ttf HTTP/1.1[0m" 404 -:
[2024-05-05 13:03:36,634]: INFO: _internal: 172.24.234.115 - - [05/May/2024 13:03:36] "[33mGET /static/fonts/Nunito/Nunito-Regular.ttf HTTP/1.1[0m" 404 -:
[2024-05-05 13:03:36,641]: INFO: _internal: 172.24.234.115 - - [05/May/2024 13:03:36] "[33mGET /static/fonts/Nunito/Nunito-Light.ttf HTTP/1.1[0m" 404 -:
[2024-05-05 13:03:36,663]: INFO: _internal: 172.24.234.115 - - [05/May/2024 13:03:36] "[33mGET /static/fonts/Nunito/Nunito-ExtraLight.ttf HTTP/1.1[0m" 404 -:
[2024-05-05 13:04:36,610]: INFO: _internal: 172.24.234.115 - - [05/May/2024 13:04:36] "POST /predict HTTP/1.1" 200 -:
[2024-05-05 13:05:43,636]: INFO: _internal: [31m[1mWARNING: This is a development server. Do not use it in a production deployment. Use a production WSGI server instead.[0m
 * Running on all addresses (0.0.0.0)
 * Running on http://127.0.0.1:8080
 * Running on http://172.24.234.115:8080:
[2024-05-05 13:05:43,636]: INFO: _internal: [33mPress CTRL+C to quit[0m:
[2024-05-05 13:05:47,831]: INFO: _internal: 172.24.234.115 - - [05/May/2024 13:05:47] "GET / HTTP/1.1" 200 -:
[2024-05-05 13:05:47,868]: INFO: _internal: 172.24.234.115 - - [05/May/2024 13:05:47] "[36mGET /static/css2/style.css HTTP/1.1[0m" 304 -:
[2024-05-05 13:05:47,871]: INFO: _internal: 172.24.234.115 - - [05/May/2024 13:05:47] "[36mGET /static/css2/nunito-font.css HTTP/1.1[0m" 304 -:
[2024-05-05 13:05:47,872]: INFO: _internal: 172.24.234.115 - - [05/May/2024 13:05:47] "[36mGET /static/css/styles.css HTTP/1.1[0m" 304 -:
[2024-05-05 13:05:47,876]: INFO: _internal: 172.24.234.115 - - [05/May/2024 13:05:47] "[36mGET /static/js/scripts.js HTTP/1.1[0m" 304 -:
[2024-05-05 13:05:47,933]: INFO: _internal: 172.24.234.115 - - [05/May/2024 13:05:47] "[33mGET /static/fonts/Nunito/Nunito-Bold.ttf HTTP/1.1[0m" 404 -:
[2024-05-05 13:05:47,934]: INFO: _internal: 172.24.234.115 - - [05/May/2024 13:05:47] "[33mGET /static/assets/img/wine.jpg HTTP/1.1[0m" 404 -:
[2024-05-05 13:05:47,939]: INFO: _internal: 172.24.234.115 - - [05/May/2024 13:05:47] "[36mGET /static/assets/img/form-v9.jpg HTTP/1.1[0m" 304 -:
[2024-05-05 13:05:47,966]: INFO: _internal: 172.24.234.115 - - [05/May/2024 13:05:47] "[33mGET /static/fonts/Nunito/Nunito-ExtraBold.ttf HTTP/1.1[0m" 404 -:
[2024-05-05 13:05:47,988]: INFO: _internal: 172.24.234.115 - - [05/May/2024 13:05:47] "[33mGET /static/fonts/Nunito/Nunito-Black.ttf HTTP/1.1[0m" 404 -:
[2024-05-05 13:05:48,020]: INFO: _internal: 172.24.234.115 - - [05/May/2024 13:05:48] "[33mGET /static/fonts/Nunito/Nunito-SemiBold.ttf HTTP/1.1[0m" 404 -:
[2024-05-05 13:05:48,033]: INFO: _internal: 172.24.234.115 - - [05/May/2024 13:05:48] "[33mGET /static/fonts/Nunito/Nunito-Regular.ttf HTTP/1.1[0m" 404 -:
[2024-05-05 13:05:48,041]: INFO: _internal: 172.24.234.115 - - [05/May/2024 13:05:48] "[33mGET /static/fonts/Nunito/Nunito-Light.ttf HTTP/1.1[0m" 404 -:
[2024-05-05 13:05:48,049]: INFO: _internal: 172.24.234.115 - - [05/May/2024 13:05:48] "[33mGET /static/fonts/Nunito/Nunito-ExtraLight.ttf HTTP/1.1[0m" 404 -:
[2024-05-05 13:05:56,305]: INFO: main: >>>>>>  Data Ingestion Stage started <<<<<<
:
[2024-05-05 13:05:56,308]: INFO: common: yaml file: config/config.yaml loaded successfully:
[2024-05-05 13:05:56,308]: INFO: common: yaml file: params.yaml loaded successfully:
[2024-05-05 13:05:56,310]: INFO: common: yaml file: schema.yaml loaded successfully:
[2024-05-05 13:05:56,310]: INFO: common: created directory at: artifacts:
[2024-05-05 13:05:56,310]: INFO: common: created directory at: artifacts/data_ingestion:
[2024-05-05 13:05:57,303]: INFO: data_ingestion: artifacts/data_ingestion/data.zip download! with following info: 
Connection: close
Content-Length: 23329
Cache-Control: max-age=300
Content-Security-Policy: default-src 'none'; style-src 'unsafe-inline'; sandbox
Content-Type: application/zip
ETag: "c69888a4ae59bc5a893392785a938ccd4937981c06ba8a9d6a21aa52b4ab5b6e"
Strict-Transport-Security: max-age=31536000
X-Content-Type-Options: nosniff
X-Frame-Options: deny
X-XSS-Protection: 1; mode=block
X-GitHub-Request-Id: 803C:299551:7AB48:B17A6:66371BCC
Accept-Ranges: bytes
Date: Sun, 05 May 2024 07:35:57 GMT
Via: 1.1 varnish
X-Served-By: cache-del21747-DEL
X-Cache: HIT
X-Cache-Hits: 0
X-Timer: S1714894557.060204,VS0,VE258
Vary: Authorization,Accept-Encoding,Origin
Access-Control-Allow-Origin: *
Cross-Origin-Resource-Policy: cross-origin
X-Fastly-Request-ID: 2714f093a82ac58bfbedcf2f52c101e8d7403e26
Expires: Sun, 05 May 2024 07:40:57 GMT
Source-Age: 0

:
[2024-05-05 13:05:57,307]: INFO: main: >>>>>> Data Ingestion Stage completed <<<<<<

x============x:
[2024-05-05 13:05:57,307]: INFO: main: >>>>>>  Data Validation Stage started <<<<<<
:
[2024-05-05 13:05:57,311]: INFO: common: yaml file: config/config.yaml loaded successfully:
[2024-05-05 13:05:57,312]: INFO: common: yaml file: params.yaml loaded successfully:
[2024-05-05 13:05:57,314]: INFO: common: yaml file: schema.yaml loaded successfully:
[2024-05-05 13:05:57,314]: INFO: common: created directory at: artifacts:
[2024-05-05 13:05:57,314]: INFO: common: created directory at: artifacts/data_validation:
[2024-05-05 13:05:57,325]: INFO: main: >>>>>>  Data Validation Stage completed <<<<<<

x============x:
[2024-05-05 13:05:57,325]: INFO: main: >>>>>>  Data Transformation Stage started <<<<<<
:
[2024-05-05 13:05:57,328]: INFO: common: yaml file: config/config.yaml loaded successfully:
[2024-05-05 13:05:57,328]: INFO: common: yaml file: params.yaml loaded successfully:
[2024-05-05 13:05:57,330]: INFO: common: yaml file: schema.yaml loaded successfully:
[2024-05-05 13:05:57,330]: INFO: common: created directory at: artifacts:
[2024-05-05 13:05:57,331]: INFO: common: created directory at: artifacts/data_transformation:
[2024-05-05 13:05:57,349]: INFO: data_transformation: Splitted data into training and test sets:
[2024-05-05 13:05:57,349]: INFO: data_transformation: Train Data Shape : (1199, 12):
[2024-05-05 13:05:57,349]: INFO: data_transformation: Test Data Shape: (400, 12):
[2024-05-05 13:05:57,350]: INFO: main: >>>>>>  Data Transformation Stage completed <<<<<<

x============x:
[2024-05-05 13:05:57,350]: INFO: main: >>>>>>  Model Trainer Stage started <<<<<<
:
[2024-05-05 13:05:57,352]: INFO: common: yaml file: config/config.yaml loaded successfully:
[2024-05-05 13:05:57,352]: INFO: common: yaml file: params.yaml loaded successfully:
[2024-05-05 13:05:57,353]: INFO: common: yaml file: schema.yaml loaded successfully:
[2024-05-05 13:05:57,354]: INFO: common: created directory at: artifacts:
[2024-05-05 13:05:57,354]: INFO: common: created directory at: artifacts/model_trainer:
[2024-05-05 13:05:57,363]: INFO: main: >>>>>>  Model Trainer Stage completed <<<<<<

x============x:
[2024-05-05 13:05:57,364]: INFO: main: >>>>>> stage Model evaluation stage started <<<<<<:
[2024-05-05 13:05:57,366]: INFO: common: yaml file: config/config.yaml loaded successfully:
[2024-05-05 13:05:57,366]: INFO: common: yaml file: params.yaml loaded successfully:
[2024-05-05 13:05:57,367]: INFO: common: yaml file: schema.yaml loaded successfully:
[2024-05-05 13:05:57,368]: INFO: common: created directory at: artifacts:
[2024-05-05 13:05:57,368]: INFO: common: created directory at: artifacts/model_evaluation:
[2024-05-05 13:05:58,234]: INFO: common: json file saved at: artifacts/model_evaluation/metrics.json:
[2024-05-05 13:06:09,177]: INFO: main: >>>>>> stage Model evaluation stage completed <<<<<<

x==========x:
[2024-05-05 13:06:09,451]: INFO: _internal: 172.24.234.115 - - [05/May/2024 13:06:09] "GET /train HTTP/1.1" 200 -:
[2024-05-05 13:09:14,452]: INFO: _internal: [31m[1mWARNING: This is a development server. Do not use it in a production deployment. Use a production WSGI server instead.[0m
 * Running on all addresses (0.0.0.0)
 * Running on http://127.0.0.1:8080
 * Running on http://172.24.234.115:8080:
[2024-05-05 13:09:14,452]: INFO: _internal: [33mPress CTRL+C to quit[0m:
[2024-05-05 13:09:18,233]: INFO: _internal: 172.24.234.115 - - [05/May/2024 13:09:18] "GET / HTTP/1.1" 200 -:
[2024-05-05 13:09:18,270]: INFO: _internal: 172.24.234.115 - - [05/May/2024 13:09:18] "[36mGET /static/css/styles.css HTTP/1.1[0m" 304 -:
[2024-05-05 13:09:18,285]: INFO: _internal: 172.24.234.115 - - [05/May/2024 13:09:18] "[36mGET /static/css2/style.css HTTP/1.1[0m" 304 -:
[2024-05-05 13:09:18,285]: INFO: _internal: 172.24.234.115 - - [05/May/2024 13:09:18] "[36mGET /static/css2/nunito-font.css HTTP/1.1[0m" 304 -:
[2024-05-05 13:09:18,286]: INFO: _internal: 172.24.234.115 - - [05/May/2024 13:09:18] "[36mGET /static/js/scripts.js HTTP/1.1[0m" 304 -:
[2024-05-05 13:09:18,290]: INFO: _internal: 172.24.234.115 - - [05/May/2024 13:09:18] "[33mGET /static/assets/img/wine.jpg HTTP/1.1[0m" 404 -:
[2024-05-05 13:09:18,301]: INFO: _internal: 172.24.234.115 - - [05/May/2024 13:09:18] "[33mGET /static/fonts/Nunito/Nunito-Bold.ttf HTTP/1.1[0m" 404 -:
[2024-05-05 13:09:18,316]: INFO: _internal: 172.24.234.115 - - [05/May/2024 13:09:18] "[36mGET /static/assets/img/form-v9.jpg HTTP/1.1[0m" 304 -:
[2024-05-05 13:09:18,319]: INFO: _internal: 172.24.234.115 - - [05/May/2024 13:09:18] "[33mGET /static/fonts/Nunito/Nunito-ExtraBold.ttf HTTP/1.1[0m" 404 -:
[2024-05-05 13:09:18,323]: INFO: _internal: 172.24.234.115 - - [05/May/2024 13:09:18] "[33mGET /static/fonts/Nunito/Nunito-Black.ttf HTTP/1.1[0m" 404 -:
[2024-05-05 13:09:18,329]: INFO: _internal: 172.24.234.115 - - [05/May/2024 13:09:18] "[33mGET /static/fonts/Nunito/Nunito-SemiBold.ttf HTTP/1.1[0m" 404 -:
[2024-05-05 13:09:18,334]: INFO: _internal: 172.24.234.115 - - [05/May/2024 13:09:18] "[33mGET /static/fonts/Nunito/Nunito-Regular.ttf HTTP/1.1[0m" 404 -:
[2024-05-05 13:09:18,340]: INFO: _internal: 172.24.234.115 - - [05/May/2024 13:09:18] "[33mGET /static/fonts/Nunito/Nunito-Light.ttf HTTP/1.1[0m" 404 -:
[2024-05-05 13:09:18,351]: INFO: _internal: 172.24.234.115 - - [05/May/2024 13:09:18] "[33mGET /static/fonts/Nunito/Nunito-ExtraLight.ttf HTTP/1.1[0m" 404 -:
[2024-05-05 13:10:07,608]: INFO: _internal: 172.24.234.115 - - [05/May/2024 13:10:07] "POST /predict HTTP/1.1" 200 -:
[2024-05-05 13:11:10,108]: INFO: _internal: 172.24.234.115 - - [05/May/2024 13:11:10] "POST /predict HTTP/1.1" 200 -:
[2024-05-05 13:17:01,098]: INFO: _internal: [31m[1mWARNING: This is a development server. Do not use it in a production deployment. Use a production WSGI server instead.[0m
 * Running on all addresses (0.0.0.0)
 * Running on http://127.0.0.1:8080
 * Running on http://172.24.234.115:8080:
[2024-05-05 13:17:01,098]: INFO: _internal: [33mPress CTRL+C to quit[0m:
[2024-05-05 13:17:04,784]: INFO: _internal: 172.24.234.115 - - [05/May/2024 13:17:04] "GET / HTTP/1.1" 200 -:
[2024-05-05 13:17:04,829]: INFO: _internal: 172.24.234.115 - - [05/May/2024 13:17:04] "[36mGET /static/css/styles.css HTTP/1.1[0m" 304 -:
[2024-05-05 13:17:04,838]: INFO: _internal: 172.24.234.115 - - [05/May/2024 13:17:04] "[36mGET /static/css2/style.css HTTP/1.1[0m" 304 -:
[2024-05-05 13:17:04,840]: INFO: _internal: 172.24.234.115 - - [05/May/2024 13:17:04] "[36mGET /static/css2/nunito-font.css HTTP/1.1[0m" 304 -:
[2024-05-05 13:17:04,846]: INFO: _internal: 172.24.234.115 - - [05/May/2024 13:17:04] "[36mGET /static/js/scripts.js HTTP/1.1[0m" 304 -:
[2024-05-05 13:17:04,856]: INFO: _internal: 172.24.234.115 - - [05/May/2024 13:17:04] "[33mGET /static/assets/img/wine.jpg HTTP/1.1[0m" 404 -:
[2024-05-05 13:17:04,867]: INFO: _internal: 172.24.234.115 - - [05/May/2024 13:17:04] "[33mGET /static/fonts/Nunito/Nunito-Bold.ttf HTTP/1.1[0m" 404 -:
[2024-05-05 13:17:04,874]: INFO: _internal: 172.24.234.115 - - [05/May/2024 13:17:04] "[36mGET /static/assets/img/form-v9.jpg HTTP/1.1[0m" 304 -:
[2024-05-05 13:17:04,886]: INFO: _internal: 172.24.234.115 - - [05/May/2024 13:17:04] "[33mGET /static/fonts/Nunito/Nunito-ExtraBold.ttf HTTP/1.1[0m" 404 -:
[2024-05-05 13:17:04,912]: INFO: _internal: 172.24.234.115 - - [05/May/2024 13:17:04] "[33mGET /static/fonts/Nunito/Nunito-Black.ttf HTTP/1.1[0m" 404 -:
[2024-05-05 13:17:04,923]: INFO: _internal: 172.24.234.115 - - [05/May/2024 13:17:04] "[33mGET /static/fonts/Nunito/Nunito-SemiBold.ttf HTTP/1.1[0m" 404 -:
[2024-05-05 13:17:04,930]: INFO: _internal: 172.24.234.115 - - [05/May/2024 13:17:04] "[33mGET /static/fonts/Nunito/Nunito-Regular.ttf HTTP/1.1[0m" 404 -:
[2024-05-05 13:17:04,937]: INFO: _internal: 172.24.234.115 - - [05/May/2024 13:17:04] "[33mGET /static/fonts/Nunito/Nunito-Light.ttf HTTP/1.1[0m" 404 -:
[2024-05-05 13:17:04,949]: INFO: _internal: 172.24.234.115 - - [05/May/2024 13:17:04] "[33mGET /static/fonts/Nunito/Nunito-ExtraLight.ttf HTTP/1.1[0m" 404 -:
[2024-05-05 13:18:03,896]: INFO: _internal: 172.24.234.115 - - [05/May/2024 13:18:03] "POST /predict HTTP/1.1" 200 -:
[2024-05-05 13:18:03,951]: INFO: _internal: 172.24.234.115 - - [05/May/2024 13:18:03] "[36mGET /static/css/styles.css HTTP/1.1[0m" 304 -:
[2024-05-05 13:18:03,951]: INFO: _internal: 172.24.234.115 - - [05/May/2024 13:18:03] "[36mGET /static/js/scripts.js HTTP/1.1[0m" 304 -:
[2024-05-05 13:18:03,972]: INFO: _internal: 172.24.234.115 - - [05/May/2024 13:18:03] "[33mGET /static/assets/img/wine.gif HTTP/1.1[0m" 404 -:
[2024-05-05 13:24:41,021]: INFO: _internal: [31m[1mWARNING: This is a development server. Do not use it in a production deployment. Use a production WSGI server instead.[0m
 * Running on all addresses (0.0.0.0)
 * Running on http://127.0.0.1:8080
 * Running on http://172.24.234.115:8080:
[2024-05-05 13:24:41,022]: INFO: _internal: [33mPress CTRL+C to quit[0m:
[2024-05-05 13:24:48,037]: INFO: _internal: 172.24.234.115 - - [05/May/2024 13:24:48] "GET / HTTP/1.1" 200 -:
[2024-05-05 13:24:48,082]: INFO: _internal: 172.24.234.115 - - [05/May/2024 13:24:48] "[36mGET /static/css2/nunito-font.css HTTP/1.1[0m" 304 -:
[2024-05-05 13:24:48,082]: INFO: _internal: 172.24.234.115 - - [05/May/2024 13:24:48] "[36mGET /static/js/scripts.js HTTP/1.1[0m" 304 -:
[2024-05-05 13:24:48,085]: INFO: _internal: 172.24.234.115 - - [05/May/2024 13:24:48] "[36mGET /static/css/styles.css HTTP/1.1[0m" 304 -:
[2024-05-05 13:24:48,086]: INFO: _internal: 172.24.234.115 - - [05/May/2024 13:24:48] "[36mGET /static/css2/style.css HTTP/1.1[0m" 304 -:
[2024-05-05 13:24:48,121]: INFO: _internal: 172.24.234.115 - - [05/May/2024 13:24:48] "[33mGET /static/fonts/Nunito/Nunito-Bold.ttf HTTP/1.1[0m" 404 -:
[2024-05-05 13:24:48,123]: INFO: _internal: 172.24.234.115 - - [05/May/2024 13:24:48] "[33mGET /static/assets/img/wine.jpg HTTP/1.1[0m" 404 -:
[2024-05-05 13:24:48,125]: INFO: _internal: 172.24.234.115 - - [05/May/2024 13:24:48] "[36mGET /static/assets/img/form-v9.jpg HTTP/1.1[0m" 304 -:
[2024-05-05 13:24:48,129]: INFO: _internal: 172.24.234.115 - - [05/May/2024 13:24:48] "[33mGET /static/fonts/Nunito/Nunito-ExtraBold.ttf HTTP/1.1[0m" 404 -:
[2024-05-05 13:24:48,134]: INFO: _internal: 172.24.234.115 - - [05/May/2024 13:24:48] "[33mGET /static/fonts/Nunito/Nunito-Black.ttf HTTP/1.1[0m" 404 -:
[2024-05-05 13:24:48,140]: INFO: _internal: 172.24.234.115 - - [05/May/2024 13:24:48] "[33mGET /static/fonts/Nunito/Nunito-SemiBold.ttf HTTP/1.1[0m" 404 -:
[2024-05-05 13:24:48,155]: INFO: _internal: 172.24.234.115 - - [05/May/2024 13:24:48] "[33mGET /static/fonts/Nunito/Nunito-Regular.ttf HTTP/1.1[0m" 404 -:
[2024-05-05 13:24:48,160]: INFO: _internal: 172.24.234.115 - - [05/May/2024 13:24:48] "[33mGET /static/fonts/Nunito/Nunito-Light.ttf HTTP/1.1[0m" 404 -:
[2024-05-05 13:24:48,165]: INFO: _internal: 172.24.234.115 - - [05/May/2024 13:24:48] "[33mGET /static/fonts/Nunito/Nunito-ExtraLight.ttf HTTP/1.1[0m" 404 -:
[2024-05-05 13:25:48,253]: INFO: _internal: 172.24.234.115 - - [05/May/2024 13:25:48] "POST /predict HTTP/1.1" 200 -:
[2024-05-05 13:25:48,295]: INFO: _internal: 172.24.234.115 - - [05/May/2024 13:25:48] "[36mGET /static/js/scripts.js HTTP/1.1[0m" 304 -:
[2024-05-05 13:25:48,295]: INFO: _internal: 172.24.234.115 - - [05/May/2024 13:25:48] "[36mGET /static/css/styles.css HTTP/1.1[0m" 304 -:
[2024-05-05 13:25:48,309]: INFO: _internal: 172.24.234.115 - - [05/May/2024 13:25:48] "[33mGET /static/assets/img/wine.gif HTTP/1.1[0m" 404 -:
